Determining if the pthread_create exist failed with the following output:
Change Dir: /home/kcg/catkin_ws/build/CMakeFiles/CMakeTmp

Run Build Command:"/usr/bin/make" "cmTC_f342a/fast"
/usr/bin/make -f CMakeFiles/cmTC_f342a.dir/build.make CMakeFiles/cmTC_f342a.dir/build
make[1]: 디렉터리 '/home/kcg/catkin_ws/build/CMakeFiles/CMakeTmp' 들어감
Building C object CMakeFiles/cmTC_f342a.dir/CheckSymbolExists.c.o
/usr/bin/cc    -o CMakeFiles/cmTC_f342a.dir/CheckSymbolExists.c.o   -c /home/kcg/catkin_ws/build/CMakeFiles/CMakeTmp/CheckSymbolExists.c
Linking C executable cmTC_f342a
/usr/bin/cmake -E cmake_link_script CMakeFiles/cmTC_f342a.dir/link.txt --verbose=1
/usr/bin/cc      -rdynamic CMakeFiles/cmTC_f342a.dir/CheckSymbolExists.c.o  -o cmTC_f342a 
CMakeFiles/cmTC_f342a.dir/CheckSymbolExists.c.o: In function `main':
CheckSymbolExists.c:(.text+0x1b): undefined reference to `pthread_create'
collect2: error: ld returned 1 exit status
CMakeFiles/cmTC_f342a.dir/build.make:97: recipe for target 'cmTC_f342a' failed
make[1]: *** [cmTC_f342a] Error 1
make[1]: 디렉터리 '/home/kcg/catkin_ws/build/CMakeFiles/CMakeTmp' 나감
Makefile:126: recipe for target 'cmTC_f342a/fast' failed
make: *** [cmTC_f342a/fast] Error 2

File /home/kcg/catkin_ws/build/CMakeFiles/CMakeTmp/CheckSymbolExists.c:
/* */
#include <pthread.h>

int main(int argc, char** argv)
{
  (void)argv;
#ifndef pthread_create
  return ((int*)(&pthread_create))[argc];
#else
  (void)argc;
  return 0;
#endif
}

Determining if the function pthread_create exists in the pthreads failed with the following output:
Change Dir: /home/kcg/catkin_ws/build/CMakeFiles/CMakeTmp

Run Build Command:"/usr/bin/make" "cmTC_8babd/fast"
/usr/bin/make -f CMakeFiles/cmTC_8babd.dir/build.make CMakeFiles/cmTC_8babd.dir/build
make[1]: 디렉터리 '/home/kcg/catkin_ws/build/CMakeFiles/CMakeTmp' 들어감
Building C object CMakeFiles/cmTC_8babd.dir/CheckFunctionExists.c.o
/usr/bin/cc   -DCHECK_FUNCTION_EXISTS=pthread_create   -o CMakeFiles/cmTC_8babd.dir/CheckFunctionExists.c.o   -c /usr/share/cmake-3.10/Modules/CheckFunctionExists.c
Linking C executable cmTC_8babd
/usr/bin/cmake -E cmake_link_script CMakeFiles/cmTC_8babd.dir/link.txt --verbose=1
/usr/bin/cc  -DCHECK_FUNCTION_EXISTS=pthread_create    -rdynamic CMakeFiles/cmTC_8babd.dir/CheckFunctionExists.c.o  -o cmTC_8babd -lpthreads 
/usr/bin/ld: cannot find -lpthreads
collect2: error: ld returned 1 exit status
CMakeFiles/cmTC_8babd.dir/build.make:97: recipe for target 'cmTC_8babd' failed
make[1]: *** [cmTC_8babd] Error 1
make[1]: 디렉터리 '/home/kcg/catkin_ws/build/CMakeFiles/CMakeTmp' 나감
Makefile:126: recipe for target 'cmTC_8babd/fast' failed
make: *** [cmTC_8babd/fast] Error 2


